<?xml version="1.0" encoding="UTF-8"?>
<robot generator="Robot 5.0.1 (Python 3.9.7 on win32)" generated="20230203 16:58:54.835" rpa="false" schemaversion="3">
<suite id="s1" name="TestCase6" source="c:\Users\jaahw\TestAutomation\Testautomation\tests\TestCase6.robot">
<test id="s1-t1" name="Test Case 6" line="8">
<kw name="Open Browser" library="QWeb">
<arg>http://automationexercise.com</arg>
<arg>chrome</arg>
<tag>Browser</tag>
<tag>Interaction</tag>
<doc>Open new browser to given url.</doc>
<msg timestamp="20230203 16:58:56.392" level="INFO">
QWeb version number: 2.0.5</msg>
<msg timestamp="20230203 16:58:57.869" level="INFO">Browser: chrome</msg>
<msg timestamp="20230203 16:58:57.870" level="INFO">Browser version: 109.0.5414.120</msg>
<msg timestamp="20230203 16:58:57.871" level="INFO">Chromedriver version: 109.0.5414.74 (e7c5703604daa9cc128ccf5a5d3e993513758913-refs/branch-heads/5414@{#1172})</msg>
<status status="PASS" starttime="20230203 16:58:56.391" endtime="20230203 16:59:03.429"/>
</kw>
<kw name="Click Text" library="QWeb">
<arg>Signup / Login</arg>
<tag>Interaction</tag>
<tag>Text</tag>
<doc>Click text on web page.</doc>
<status status="PASS" starttime="20230203 16:59:03.430" endtime="20230203 16:59:06.144"/>
</kw>
<kw name="Verify Text" library="QWeb">
<arg>Login to your account</arg>
<tag>Text</tag>
<tag>Verification</tag>
<doc>Verify page contains given text.</doc>
<status status="PASS" starttime="20230203 16:59:06.146" endtime="20230203 16:59:06.350"/>
</kw>
<kw name="Type Text" library="QWeb">
<arg>Email Address</arg>
<arg>jaahwayn93@hotmail.com</arg>
<tag>Input</tag>
<tag>Interaction</tag>
<doc>Type given text to a text field.</doc>
<status status="PASS" starttime="20230203 16:59:06.351" endtime="20230203 16:59:06.523"/>
</kw>
<kw name="Type Text" library="QWeb">
<arg>Password</arg>
<arg>Idiris121212</arg>
<tag>Input</tag>
<tag>Interaction</tag>
<doc>Type given text to a text field.</doc>
<status status="PASS" starttime="20230203 16:59:06.526" endtime="20230203 16:59:06.636"/>
</kw>
<kw name="Click Text" library="QWeb">
<arg>login</arg>
<tag>Interaction</tag>
<tag>Text</tag>
<doc>Click text on web page.</doc>
<status status="PASS" starttime="20230203 16:59:06.637" endtime="20230203 16:59:09.831"/>
</kw>
<kw name="Click Text" library="QWeb">
<arg>Contact us</arg>
<tag>Interaction</tag>
<tag>Text</tag>
<doc>Click text on web page.</doc>
<status status="PASS" starttime="20230203 16:59:09.832" endtime="20230203 16:59:11.607"/>
</kw>
<kw name="Verify Text" library="QWeb">
<arg>Get In Touch</arg>
<tag>Text</tag>
<tag>Verification</tag>
<doc>Verify page contains given text.</doc>
<status status="PASS" starttime="20230203 16:59:11.609" endtime="20230203 16:59:12.267"/>
</kw>
<kw name="Type Text" library="QWeb">
<arg>Name</arg>
<arg>Idiris</arg>
<tag>Input</tag>
<tag>Interaction</tag>
<doc>Type given text to a text field.</doc>
<status status="PASS" starttime="20230203 16:59:12.270" endtime="20230203 16:59:12.409"/>
</kw>
<kw name="Type Text" library="QWeb">
<arg>Email</arg>
<arg>jaahwayn93@hotmail.com</arg>
<tag>Input</tag>
<tag>Interaction</tag>
<doc>Type given text to a text field.</doc>
<status status="PASS" starttime="20230203 16:59:12.410" endtime="20230203 16:59:12.584"/>
</kw>
<kw name="Type Text" library="QWeb">
<arg>Subject</arg>
<arg>FEEDBACK</arg>
<tag>Input</tag>
<tag>Interaction</tag>
<doc>Type given text to a text field.</doc>
<status status="PASS" starttime="20230203 16:59:12.585" endtime="20230203 16:59:12.727"/>
</kw>
<kw name="Type Text" library="QWeb">
<arg>Your Message Here</arg>
<arg>User-friendly interface: The website should be easy to navigate, with clear and concise menus, and intuitive layout.</arg>
<tag>Input</tag>
<tag>Interaction</tag>
<doc>Type given text to a text field.</doc>
<status status="PASS" starttime="20230203 16:59:12.732" endtime="20230203 16:59:12.985"/>
</kw>
<kw name="Click Checkbox" library="QWeb">
<arg>form-control</arg>
<arg>TestTestTest</arg>
<tag>Checkbox</tag>
<tag>Interaction</tag>
<doc>Check or uncheck a checkbox.</doc>
<kw name="Log Screenshot" library="QWeb">
<tag>Logging</tag>
<doc>Log screenshot to Robot Framework log.</doc>
<msg timestamp="20230203 16:59:23.579" level="INFO">Saved screenshot to C:\Users\jaahw\TestAutomation\screenshots\screenshot-Test_Case_6-c84383de-9c5d-46a1-9fc2-bcc3dffe97f7.png</msg>
<msg timestamp="20230203 16:59:23.585" level="INFO">Current url is: https://automationexercise.com/contact_us</msg>
<msg timestamp="20230203 16:59:23.585" level="INFO" html="true">&lt;a href="screenshots/screenshot-Test_Case_6-c84383de-9c5d-46a1-9fc2-bcc3dffe97f7.png"&gt;&lt;img src="screenshots/screenshot-Test_Case_6-c84383de-9c5d-46a1-9fc2-bcc3dffe97f7.png" width="800px"&gt;&lt;/a&gt;</msg>
<status status="PASS" starttime="20230203 16:59:23.365" endtime="20230203 16:59:23.586"/>
</kw>
<msg timestamp="20230203 16:59:23.588" level="FAIL">QWebElementNotFoundError: Unable to find element for locator form-control in 10.0 sec</msg>
<status status="FAIL" starttime="20230203 16:59:12.985" endtime="20230203 16:59:23.590"/>
</kw>
<kw name="Debug On" library="QWeb">
<tag>Debug</tag>
<tag>Error handling</tag>
<doc>Start debugger with drawing mode and set default timeout down to 2 sec.</doc>
<status status="NOT RUN" starttime="20230203 16:59:23.593" endtime="20230203 16:59:23.594"/>
</kw>
<status status="FAIL" starttime="20230203 16:58:56.390" endtime="20230203 16:59:23.595">QWebElementNotFoundError: Unable to find element for locator form-control in 10.0 sec</status>
</test>
<kw name="End Suite" library="keywords" type="TEARDOWN">
<kw name="Close All Browsers" library="QWeb">
<tag>Browser</tag>
<tag>Interaction</tag>
<doc>Close all opened browsers.</doc>
<msg timestamp="20230203 16:59:26.161" level="INFO">${BROWSER_REUSE} = False</msg>
<status status="PASS" starttime="20230203 16:59:23.597" endtime="20230203 16:59:26.163"/>
</kw>
<status status="PASS" starttime="20230203 16:59:23.597" endtime="20230203 16:59:26.164"/>
</kw>
<status status="FAIL" starttime="20230203 16:58:54.879" endtime="20230203 16:59:26.164"/>
</suite>
<statistics>
<total>
<stat pass="0" fail="1" skip="0">All Tests</stat>
</total>
<tag>
</tag>
<suite>
<stat pass="0" fail="1" skip="0" id="s1" name="TestCase6">TestCase6</stat>
</suite>
</statistics>
<errors>
</errors>
</robot>
